[17420:11380:0508/203944.599:WARNING:chrome_main_delegate.cc(745)] This is Chrome version 128.0.6613.138 (not a warning)
[17420:4608:0508/203944.637:ERROR:google_update_settings.cc(265)] Failed opening key Software\Chromium to set usagestats; result: 5
[17420:11380:0508/203944.664:WARNING:account_consistency_mode_manager.cc(77)] Desktop Identity Consistency cannot be enabled as no OAuth client ID and client secret have been configured.
[15576:26256:0508/203953.024:ERROR:ssl_client_socket_impl.cc(882)] handshake failed; returned -1, SSL error code 1, net_error -107
[15576:26256:0508/203953.032:ERROR:ssl_client_socket_impl.cc(882)] handshake failed; returned -1, SSL error code 1, net_error -107
[17420:16864:0508/203953.129:ERROR:cast_crl.cc(443)] CRL - Verification failed.
[20648:1360:0508/203953.348:WARNING:frame_impl.cc(430)] virtual CefFrameImpl::SendProcessMessage sent to detached frame 5-B437FAE78F6C3A52C69DB3530AB97FCC will be ignored
[15576:26256:0508/203953.358:ERROR:ssl_client_socket_impl.cc(882)] handshake failed; returned -1, SSL error code 1, net_error -100
[15576:26256:0508/203953.726:ERROR:ssl_client_socket_impl.cc(882)] handshake failed; returned -1, SSL error code 1, net_error -107
[17420:16864:0508/203954.689:WARNING:browser_info.cc(345)] Returning a speculative frame for [9,9]
[17420:11380:0508/203955.017:WARNING:browser_info.cc(345)] Returning a speculative frame for [10,9]
[17420:11380:0508/203955.018:WARNING:browser_info.cc(345)] Returning a speculative frame for [10,9]
[17420:11380:0508/203955.018:WARNING:browser_info.cc(345)] Returning a speculative frame for [10,9]
[17420:11380:0508/203955.018:WARNING:browser_info.cc(345)] Returning a speculative frame for [10,9]
[17420:16864:0508/203955.025:WARNING:browser_info.cc(345)] Returning a speculative frame for [10,9]
[22000:35836:0508/203959.682:WARNING:codec.cc(525)] Explicitly added H264 constrained baseline to list of supported formats.
[22000:35836:0508/204000.665:WARNING:codec.cc(525)] Explicitly added H264 constrained baseline to list of supported formats.
[22000:4344:0508/204000.670:WARNING:codec.cc(525)] Explicitly added H264 constrained baseline to list of supported formats.
[22000:4344:0508/204000.670:WARNING:codec.cc(525)] Explicitly added H264 constrained baseline to list of supported formats.
[22000:4344:0508/204000.670:WARNING:codec.cc(525)] Explicitly added H264 constrained baseline to list of supported formats.
[15576:26256:0508/204000.701:WARNING:host_resolver_dns_task.cc(863)] Address list empty after RFC3484 sort
[15576:26256:0508/204000.704:ERROR:socket_manager.cc(147)] Failed to resolve address for stun.cloudflare.com., errorcode: -105
[15576:26256:0508/204000.704:ERROR:socket_manager.cc(147)] Failed to resolve address for stun.cloudflare.com., errorcode: -105
[15576:26256:0508/204000.704:ERROR:socket_manager.cc(147)] Failed to resolve address for stun.cloudflare.com., errorcode: -105
[22000:4344:0508/204000.704:WARNING:stun_port.cc(442)] Port[3efc800:0:1:0:host:Net[any:0:0:0:x:x:x:x:x/0:Wildcard:id=0]]: StunPort: stun host lookup received error -1
[22000:4344:0508/204000.704:WARNING:stun_port.cc(442)] Port[3efe000:1:1:0:host:Net[any:0:0:0:x:x:x:x:x/0:Wildcard:id=0]]: StunPort: stun host lookup received error -1
[22000:4344:0508/204000.704:WARNING:stun_port.cc(442)] Port[3efe800:2:1:0:host:Net[any:0:0:0:x:x:x:x:x/0:Wildcard:id=0]]: StunPort: stun host lookup received error -1
[15576:26256:0508/204004.401:ERROR:ssl_client_socket_impl.cc(882)] handshake failed; returned -1, SSL error code 1, net_error -100
[15576:26256:0508/204007.350:ERROR:ssl_client_socket_impl.cc(882)] handshake failed; returned -1, SSL error code 1, net_error -100
[15576:26256:0508/204018.825:ERROR:ssl_client_socket_impl.cc(882)] handshake failed; returned -1, SSL error code 1, net_error -107
[15576:26256:0508/204022.149:ERROR:ssl_client_socket_impl.cc(882)] handshake failed; returned -1, SSL error code 1, net_error -107
[17420:11380:0508/204204.400:WARNING:pref_notifier_impl.cc(41)] Pref observer for media_router.cast_allow_all_ips found at shutdown.
